<?xml version="1.0" encoding="UTF-8" ?>
<testsuite errors="0" failures="0" hostname="james-r-gambers-macbook-pro.local" name="bbd.BBDDefaultBrokerTest" tests="9" time="5.067" timestamp="2009-07-04T14:43:39">
  <properties>
[...]
</properties>
  <testcase classname="bbd.BBDDefaultBrokerTest" name="testSelect" time="0.364" />
  <testcase classname="bbd.BBDDefaultBrokerTest" name="testInsert_1args_1" time="0.0040" />
  <testcase classname="bbd.BBDDefaultBrokerTest" name="testInsert_1args_2" time="4.559" />
  <testcase classname="bbd.BBDDefaultBrokerTest" name="testInsertGetGeneratedKeys_1args_1" time="0.0060" />
  <testcase classname="bbd.BBDDefaultBrokerTest" name="testInsertGetGeneratedKeys_1args_2" time="0.0050" />
  <testcase classname="bbd.BBDDefaultBrokerTest" name="testUpdate_1args_1" time="0.033" />
  <testcase classname="bbd.BBDDefaultBrokerTest" name="testUpdate_1args_2" time="0.0070" />
  <testcase classname="bbd.BBDDefaultBrokerTest" name="testDelete_1args_1" time="0.0080" />
  <testcase classname="bbd.BBDDefaultBrokerTest" name="testDelete_1args_2" time="0.0040" />
  <system-out><![CDATA[select
insert
insert
insertGetGeneratedKeys
insertGetGeneratedKeys
update
update
delete
delete
]]></system-out>
  <system-err><![CDATA[]]></system-err>
</testsuite>
